{
  "0 debug pnpm:scope": {
    "selected": 1
  },
  "1 error pnpm": {
    "errno": 1,
    "code": "ELIFECYCLE",
    "pkgid": "hardhat@1.0.0",
    "stage": "compile",
    "script": "pnpx hardhat compile",
    "pkgname": "hardhat",
    "err": {
      "name": "pnpm",
      "message": "hardhat@1.0.0 compile: `pnpx hardhat compile`\nExit status 1",
      "code": "ELIFECYCLE",
      "stack": "pnpm: hardhat@1.0.0 compile: `pnpx hardhat compile`\nExit status 1\n    at EventEmitter.<anonymous> (/usr/local/lib/node_modules/pnpm/dist/pnpm.cjs:103540:20)\n    at EventEmitter.emit (node:events:390:28)\n    at ChildProcess.<anonymous> (/usr/local/lib/node_modules/pnpm/dist/pnpm.cjs:91469:18)\n    at ChildProcess.emit (node:events:390:28)\n    at maybeClose (node:internal/child_process:1064:16)\n    at Process.ChildProcess._handle.onexit (node:internal/child_process:301:5)"
    }
  },
  "2 warn pnpm:global": " Local package.json exists, but node_modules missing, did you mean to install?"
}